{
  "Cucumber Features": {
    "coverage": {
      "/Users/douglaspetronilio/Google Drive/startups/estilooks/robolek/features/step_definitions/store_steps.rb": [
        1,
        1,
        1,
        null,
        null,
        1,
        1,
        null
      ]
    },
    "timestamp": 1380651242
  },
  "RSpec": {
    "coverage": {
      "/Users/douglaspetronilio/Google Drive/startups/estilooks/robolek/spec/db_mongo_spec.rb": [
        1,
        1,
        null,
        1,
        1,
        1,
        4,
        null,
        null,
        1,
        4,
        4,
        null,
        null,
        1,
        1,
        1,
        null,
        null,
        null,
        1,
        1,
        1,
        1,
        1,
        1,
        null,
        null,
        null,
        1,
        1,
        1,
        1,
        1,
        1,
        null,
        null,
        null,
        1,
        1,
        1,
        1,
        1,
        1,
        null,
        null,
        null,
        null
      ],
      "/Users/douglaspetronilio/Google Drive/startups/estilooks/robolek/spec/db_postgres_spec.rb": [
        1,
        1,
        null,
        1,
        1,
        null,
        null
      ],
      "/Users/douglaspetronilio/Google Drive/startups/estilooks/robolek/spec/db_sqlite_spec.rb": [
        1,
        1,
        null,
        1,
        1,
        null,
        null
      ],
      "/Users/douglaspetronilio/Google Drive/startups/estilooks/robolek/spec/pagina_spec.rb": [
        1,
        1,
        null,
        1,
        1,
        1,
        2,
        null,
        null,
        1,
        1,
        1,
        null,
        null,
        1,
        1,
        1,
        1,
        1,
        null,
        null,
        null,
        null
      ],
      "/Users/douglaspetronilio/Google Drive/startups/estilooks/robolek/spec/produto_spec.rb": [
        1,
        1,
        null,
        1,
        1,
        null,
        1,
        2,
        null,
        null,
        1,
        1,
        1,
        null,
        null,
        1,
        1,
        1,
        1,
        null,
        null,
        null,
        null
      ],
      "/Users/douglaspetronilio/Google Drive/startups/estilooks/robolek/spec/robo_lek_spec.rb": [
        1,
        1,
        null,
        1,
        1,
        2,
        1,
        1,
        null,
        null,
        1,
        1,
        1,
        null,
        null,
        null
      ],
      "/Users/douglaspetronilio/Google Drive/startups/estilooks/robolek/spec/trata_link_spec.rb": [
        1,
        1,
        null,
        1,
        1,
        1,
        1,
        null,
        1,
        null,
        1,
        5,
        5,
        5,
        null,
        null,
        1,
        1,
        1,
        1,
        null,
        null,
        1,
        1,
        1,
        1,
        1,
        1,
        null,
        null,
        1,
        1,
        1,
        1,
        null,
        null,
        1,
        1,
        1,
        1,
        1,
        null,
        null,
        1,
        1,
        1,
        1,
        null,
        null,
        null,
        null
      ],
      "/Users/douglaspetronilio/Google Drive/startups/estilooks/robolek/spec/trata_produto_spec.rb": [
        1,
        1,
        null,
        1,
        1,
        1,
        2,
        2,
        2,
        null,
        null,
        1,
        1,
        1,
        1,
        1,
        1,
        1,
        1,
        1,
        1,
        null,
        null,
        1,
        1,
        1,
        1,
        1,
        1,
        1,
        null,
        null,
        null,
        null
      ]
    },
    "timestamp": 1383756721
  }
}
